mode: set
GoLangProject/service/User/user-service.go:19.57,22.2 2 0
GoLangProject/service/User/user-service.go:35.51,37.17 1 0
GoLangProject/service/User/user-service.go:40.2,40.23 1 0
GoLangProject/service/User/user-service.go:43.2,43.22 1 0
GoLangProject/service/User/user-service.go:46.2,46.12 1 0
GoLangProject/service/User/user-service.go:37.17,39.3 1 0
GoLangProject/service/User/user-service.go:40.23,42.3 1 0
GoLangProject/service/User/user-service.go:43.22,45.3 1 0
GoLangProject/service/User/user-service.go:49.69,51.2 1 0
GoLangProject/service/User/user-service.go:53.69,55.2 1 0
GoLangProject/service/User/user-service.go:57.46,59.2 1 0
GoLangProject/service/User/user-service.go:61.46,63.2 1 0
GoLangProject/service/User/user-service.go:65.69,67.2 1 0
GoLangProject/service/Link/link-service.go:23.57,26.2 2 1
GoLangProject/service/Link/link-service.go:30.51,32.17 1 1
GoLangProject/service/Link/link-service.go:35.2,35.20 1 1
GoLangProject/service/Link/link-service.go:38.2,38.23 1 1
GoLangProject/service/Link/link-service.go:41.2,41.12 1 0
GoLangProject/service/Link/link-service.go:32.17,34.3 1 1
GoLangProject/service/Link/link-service.go:35.20,37.3 1 1
GoLangProject/service/Link/link-service.go:38.23,40.3 1 1
GoLangProject/service/Link/link-service.go:44.65,46.2 1 1
GoLangProject/service/Link/link-service.go:48.50,50.2 1 1
GoLangProject/service/Link/link-service.go:52.30,54.16 2 0
GoLangProject/service/Link/link-service.go:54.16,56.3 1 0
GoLangProject/routers/routers.go:10.30,17.2 4 0
GoLangProject/routers/routers.go:19.69,23.16 4 0
GoLangProject/routers/routers.go:26.2,27.33 2 0
GoLangProject/routers/routers.go:23.16,25.3 1 0
GoLangProject/routers/routers.go:31.52,34.2 2 0
GoLangProject/routers/user.go:14.39,20.2 5 0
GoLangProject/routers/user.go:22.57,25.46 3 0
GoLangProject/routers/user.go:36.2,36.46 1 0
GoLangProject/routers/user.go:25.46,27.3 1 0
GoLangProject/routers/user.go:27.8,30.64 3 0
GoLangProject/routers/user.go:30.64,32.4 1 0
GoLangProject/routers/user.go:32.9,34.4 1 0
GoLangProject/routers/user.go:39.57,42.46 3 0
GoLangProject/routers/user.go:53.2,53.46 1 0
GoLangProject/routers/user.go:42.46,44.3 1 0
GoLangProject/routers/user.go:44.8,47.64 3 0
GoLangProject/routers/user.go:47.64,49.4 1 0
GoLangProject/routers/user.go:49.9,51.4 1 0
GoLangProject/routers/user.go:56.57,59.46 3 0
GoLangProject/routers/user.go:70.2,70.46 1 0
GoLangProject/routers/user.go:59.46,61.3 1 0
GoLangProject/routers/user.go:61.8,64.64 3 0
GoLangProject/routers/user.go:64.64,66.4 1 0
GoLangProject/routers/user.go:66.9,68.4 1 0
GoLangProject/routers/user.go:73.57,79.52 5 0
GoLangProject/routers/user.go:79.52,81.3 1 0
GoLangProject/routers/user.go:81.8,83.3 1 0
GoLangProject/routers/user.go:87.58,91.2 3 0
GoLangProject/repository/database.go:14.37,16.46 1 1
GoLangProject/repository/database.go:20.2,27.71 6 1
GoLangProject/repository/database.go:16.46,18.3 1 0
GoLangProject/repository/database.go:27.71,29.13 2 0
GoLangProject/repository/database.go:30.8,33.3 2 1
GoLangProject/repository/database.go:36.21,38.2 1 0
GoLangProject/repository/user.go:8.71,9.53 1 0
GoLangProject/repository/user.go:12.2,12.18 1 0
GoLangProject/repository/user.go:9.53,11.3 1 0
GoLangProject/repository/user.go:15.71,16.51 1 0
GoLangProject/repository/user.go:19.2,19.18 1 0
GoLangProject/repository/user.go:16.51,18.3 1 0
GoLangProject/repository/user.go:22.71,23.53 1 0
GoLangProject/repository/user.go:26.2,26.18 1 0
GoLangProject/repository/user.go:23.53,25.3 1 0
GoLangProject/repository/user.go:29.48,33.2 3 0
GoLangProject/repository/user.go:35.48,39.2 3 0
GoLangProject/repository/user.go:41.38,43.2 1 0
GoLangProject/cmd/main.go:12.13,16.40 2 0
GoLangProject/cmd/main.go:22.2,22.16 1 0
GoLangProject/cmd/main.go:26.2,26.44 1 0
GoLangProject/cmd/main.go:30.2,32.57 2 0
GoLangProject/cmd/main.go:16.40,18.3 1 0
GoLangProject/cmd/main.go:18.8,20.3 1 0
GoLangProject/cmd/main.go:22.16,24.3 1 0
GoLangProject/cmd/main.go:26.44,28.3 1 0
GoLangProject/cmd/main.go:32.57,34.3 1 0
GoLangProject/service/Tipo/tipo-service.go:23.57,26.2 2 0
GoLangProject/service/Tipo/tipo-service.go:30.51,32.17 1 0
GoLangProject/service/Tipo/tipo-service.go:35.2,35.28 1 0
GoLangProject/service/Tipo/tipo-service.go:39.2,39.12 1 0
GoLangProject/service/Tipo/tipo-service.go:32.17,34.3 1 0
GoLangProject/service/Tipo/tipo-service.go:35.28,37.3 1 0
GoLangProject/service/Tipo/tipo-service.go:42.65,44.2 1 0
GoLangProject/service/Tipo/tipo-service.go:46.50,48.2 1 0
GoLangProject/service/Tipo/tipo-service.go:50.30,52.16 2 0
GoLangProject/service/Tipo/tipo-service.go:52.16,54.3 1 0
GoLangProject/cmd/main.go:12.13,16.40 2 0
GoLangProject/cmd/main.go:22.2,22.16 1 0
GoLangProject/cmd/main.go:26.2,26.44 1 0
GoLangProject/cmd/main.go:30.2,32.57 2 0
GoLangProject/cmd/main.go:16.40,18.3 1 0
GoLangProject/cmd/main.go:18.8,20.3 1 0
GoLangProject/cmd/main.go:22.16,24.3 1 0
GoLangProject/cmd/main.go:26.44,28.3 1 0
GoLangProject/cmd/main.go:32.57,34.3 1 0
GoLangProject/service/Link/link-service.go:23.57,26.2 2 0
GoLangProject/service/Link/link-service.go:30.51,32.17 1 0
GoLangProject/service/Link/link-service.go:35.2,35.20 1 0
GoLangProject/service/Link/link-service.go:38.2,38.23 1 0
GoLangProject/service/Link/link-service.go:41.2,41.12 1 0
GoLangProject/service/Link/link-service.go:32.17,34.3 1 0
GoLangProject/service/Link/link-service.go:35.20,37.3 1 0
GoLangProject/service/Link/link-service.go:38.23,40.3 1 0
GoLangProject/service/Link/link-service.go:44.65,46.2 1 0
GoLangProject/service/Link/link-service.go:48.50,50.2 1 0
GoLangProject/service/Link/link-service.go:52.30,54.16 2 0
GoLangProject/service/Link/link-service.go:54.16,56.3 1 0
GoLangProject/service/Tipo/tipo-service.go:23.57,26.2 2 1
GoLangProject/service/Tipo/tipo-service.go:30.51,32.17 1 1
GoLangProject/service/Tipo/tipo-service.go:35.2,35.28 1 1
GoLangProject/service/Tipo/tipo-service.go:39.2,39.12 1 0
GoLangProject/service/Tipo/tipo-service.go:32.17,34.3 1 1
GoLangProject/service/Tipo/tipo-service.go:35.28,37.3 1 1
GoLangProject/service/Tipo/tipo-service.go:42.65,44.2 1 1
GoLangProject/service/Tipo/tipo-service.go:46.50,48.2 1 1
GoLangProject/service/Tipo/tipo-service.go:50.30,52.16 2 0
GoLangProject/service/Tipo/tipo-service.go:52.16,54.3 1 0
GoLangProject/service/User/user-service.go:19.57,22.2 2 0
GoLangProject/service/User/user-service.go:35.51,37.17 1 0
GoLangProject/service/User/user-service.go:40.2,40.23 1 0
GoLangProject/service/User/user-service.go:43.2,43.22 1 0
GoLangProject/service/User/user-service.go:46.2,46.12 1 0
GoLangProject/service/User/user-service.go:37.17,39.3 1 0
GoLangProject/service/User/user-service.go:40.23,42.3 1 0
GoLangProject/service/User/user-service.go:43.22,45.3 1 0
GoLangProject/service/User/user-service.go:49.69,51.2 1 0
GoLangProject/service/User/user-service.go:53.69,55.2 1 0
GoLangProject/service/User/user-service.go:57.46,59.2 1 0
GoLangProject/service/User/user-service.go:61.46,63.2 1 0
GoLangProject/service/User/user-service.go:65.69,67.2 1 0
GoLangProject/repository/user.go:8.71,9.53 1 0
GoLangProject/repository/user.go:12.2,12.18 1 0
GoLangProject/repository/user.go:9.53,11.3 1 0
GoLangProject/repository/user.go:15.71,16.51 1 0
GoLangProject/repository/user.go:19.2,19.18 1 0
GoLangProject/repository/user.go:16.51,18.3 1 0
GoLangProject/repository/user.go:22.71,23.53 1 0
GoLangProject/repository/user.go:26.2,26.18 1 0
GoLangProject/repository/user.go:23.53,25.3 1 0
GoLangProject/repository/user.go:29.48,33.2 3 0
GoLangProject/repository/user.go:35.48,39.2 3 0
GoLangProject/repository/user.go:41.38,43.2 1 0
GoLangProject/routers/routers.go:10.30,17.2 4 0
GoLangProject/routers/routers.go:19.69,23.16 4 0
GoLangProject/routers/routers.go:26.2,27.33 2 0
GoLangProject/routers/routers.go:23.16,25.3 1 0
GoLangProject/routers/routers.go:31.52,34.2 2 0
GoLangProject/routers/user.go:14.39,20.2 5 0
GoLangProject/routers/user.go:22.57,25.46 3 0
GoLangProject/routers/user.go:36.2,36.46 1 0
GoLangProject/routers/user.go:25.46,27.3 1 0
GoLangProject/routers/user.go:27.8,30.64 3 0
GoLangProject/routers/user.go:30.64,32.4 1 0
GoLangProject/routers/user.go:32.9,34.4 1 0
GoLangProject/routers/user.go:39.57,42.46 3 0
GoLangProject/routers/user.go:53.2,53.46 1 0
GoLangProject/routers/user.go:42.46,44.3 1 0
GoLangProject/routers/user.go:44.8,47.64 3 0
GoLangProject/routers/user.go:47.64,49.4 1 0
GoLangProject/routers/user.go:49.9,51.4 1 0
GoLangProject/routers/user.go:56.57,59.46 3 0
GoLangProject/routers/user.go:70.2,70.46 1 0
GoLangProject/routers/user.go:59.46,61.3 1 0
GoLangProject/routers/user.go:61.8,64.64 3 0
GoLangProject/routers/user.go:64.64,66.4 1 0
GoLangProject/routers/user.go:66.9,68.4 1 0
GoLangProject/routers/user.go:73.57,79.52 5 0
GoLangProject/routers/user.go:79.52,81.3 1 0
GoLangProject/routers/user.go:81.8,83.3 1 0
GoLangProject/routers/user.go:87.58,91.2 3 0
GoLangProject/repository/database.go:14.37,16.46 1 1
GoLangProject/repository/database.go:20.2,27.71 6 1
GoLangProject/repository/database.go:16.46,18.3 1 0
GoLangProject/repository/database.go:27.71,29.13 2 0
GoLangProject/repository/database.go:30.8,33.3 2 1
GoLangProject/repository/database.go:36.21,38.2 1 0
GoLangProject/routers/user.go:14.39,20.2 5 0
GoLangProject/routers/user.go:22.57,25.46 3 0
GoLangProject/routers/user.go:36.2,36.46 1 0
GoLangProject/routers/user.go:25.46,27.3 1 0
GoLangProject/routers/user.go:27.8,30.64 3 0
GoLangProject/routers/user.go:30.64,32.4 1 0
GoLangProject/routers/user.go:32.9,34.4 1 0
GoLangProject/routers/user.go:39.57,42.46 3 0
GoLangProject/routers/user.go:53.2,53.46 1 0
GoLangProject/routers/user.go:42.46,44.3 1 0
GoLangProject/routers/user.go:44.8,47.64 3 0
GoLangProject/routers/user.go:47.64,49.4 1 0
GoLangProject/routers/user.go:49.9,51.4 1 0
GoLangProject/routers/user.go:56.57,59.46 3 0
GoLangProject/routers/user.go:70.2,70.46 1 0
GoLangProject/routers/user.go:59.46,61.3 1 0
GoLangProject/routers/user.go:61.8,64.64 3 0
GoLangProject/routers/user.go:64.64,66.4 1 0
GoLangProject/routers/user.go:66.9,68.4 1 0
GoLangProject/routers/user.go:73.57,79.52 5 0
GoLangProject/routers/user.go:79.52,81.3 1 0
GoLangProject/routers/user.go:81.8,83.3 1 0
GoLangProject/routers/user.go:87.58,91.2 3 0
GoLangProject/service/Tipo/tipo-service.go:23.57,26.2 2 0
GoLangProject/service/Tipo/tipo-service.go:30.51,32.17 1 0
GoLangProject/service/Tipo/tipo-service.go:35.2,35.28 1 0
GoLangProject/service/Tipo/tipo-service.go:39.2,39.12 1 0
GoLangProject/service/Tipo/tipo-service.go:32.17,34.3 1 0
GoLangProject/service/Tipo/tipo-service.go:35.28,37.3 1 0
GoLangProject/service/Tipo/tipo-service.go:42.65,44.2 1 0
GoLangProject/service/Tipo/tipo-service.go:46.50,48.2 1 0
GoLangProject/service/Tipo/tipo-service.go:50.30,52.16 2 0
GoLangProject/service/Tipo/tipo-service.go:52.16,54.3 1 0
GoLangProject/service/User/user-service.go:19.57,22.2 2 1
GoLangProject/service/User/user-service.go:35.51,37.17 1 1
GoLangProject/service/User/user-service.go:40.2,40.23 1 1
GoLangProject/service/User/user-service.go:43.2,43.22 1 1
GoLangProject/service/User/user-service.go:46.2,46.12 1 0
GoLangProject/service/User/user-service.go:37.17,39.3 1 1
GoLangProject/service/User/user-service.go:40.23,42.3 1 1
GoLangProject/service/User/user-service.go:43.22,45.3 1 1
GoLangProject/service/User/user-service.go:49.69,51.2 1 1
GoLangProject/service/User/user-service.go:53.69,55.2 1 0
GoLangProject/service/User/user-service.go:57.46,59.2 1 1
GoLangProject/service/User/user-service.go:61.46,63.2 1 1
GoLangProject/service/User/user-service.go:65.69,67.2 1 1
GoLangProject/repository/user.go:8.71,9.53 1 0
GoLangProject/repository/user.go:12.2,12.18 1 0
GoLangProject/repository/user.go:9.53,11.3 1 0
GoLangProject/repository/user.go:15.71,16.51 1 0
GoLangProject/repository/user.go:19.2,19.18 1 0
GoLangProject/repository/user.go:16.51,18.3 1 0
GoLangProject/repository/user.go:22.71,23.53 1 0
GoLangProject/repository/user.go:26.2,26.18 1 0
GoLangProject/repository/user.go:23.53,25.3 1 0
GoLangProject/repository/user.go:29.48,33.2 3 0
GoLangProject/repository/user.go:35.48,39.2 3 0
GoLangProject/repository/user.go:41.38,43.2 1 0
GoLangProject/routers/routers.go:10.30,17.2 4 0
GoLangProject/routers/routers.go:19.69,23.16 4 0
GoLangProject/routers/routers.go:26.2,27.33 2 0
GoLangProject/routers/routers.go:23.16,25.3 1 0
GoLangProject/routers/routers.go:31.52,34.2 2 0
GoLangProject/cmd/main.go:12.13,16.40 2 0
GoLangProject/cmd/main.go:22.2,22.16 1 0
GoLangProject/cmd/main.go:26.2,26.44 1 0
GoLangProject/cmd/main.go:30.2,32.57 2 0
GoLangProject/cmd/main.go:16.40,18.3 1 0
GoLangProject/cmd/main.go:18.8,20.3 1 0
GoLangProject/cmd/main.go:22.16,24.3 1 0
GoLangProject/cmd/main.go:26.44,28.3 1 0
GoLangProject/cmd/main.go:32.57,34.3 1 0
GoLangProject/service/Link/link-service.go:23.57,26.2 2 0
GoLangProject/service/Link/link-service.go:30.51,32.17 1 0
GoLangProject/service/Link/link-service.go:35.2,35.20 1 0
GoLangProject/service/Link/link-service.go:38.2,38.23 1 0
GoLangProject/service/Link/link-service.go:41.2,41.12 1 0
GoLangProject/service/Link/link-service.go:32.17,34.3 1 0
GoLangProject/service/Link/link-service.go:35.20,37.3 1 0
GoLangProject/service/Link/link-service.go:38.23,40.3 1 0
GoLangProject/service/Link/link-service.go:44.65,46.2 1 0
GoLangProject/service/Link/link-service.go:48.50,50.2 1 0
GoLangProject/service/Link/link-service.go:52.30,54.16 2 0
GoLangProject/service/Link/link-service.go:54.16,56.3 1 0
GoLangProject/repository/database.go:14.37,16.46 1 1
GoLangProject/repository/database.go:20.2,27.71 6 1
GoLangProject/repository/database.go:16.46,18.3 1 0
GoLangProject/repository/database.go:27.71,29.13 2 0
GoLangProject/repository/database.go:30.8,33.3 2 1
GoLangProject/repository/database.go:36.21,38.2 1 0
